<?xml version="1.0" encoding="UTF-8"?>
<!-- Generated by org.testng.reporters.JUnitReportReporter -->
<testsuite hostname="DESKTOP-VE2MHDE" failures="0" tests="2" name="MavenProjectPackage.SeleniumTest" time="0.001" errors="0" timestamp="2021-10-07T15:52:06 CDT" skipped="0">
  <testcase classname="MavenProjectPackage.SeleniumTest" name="ElementsUI" time="0.000"/>
  <system-out/>
  <testcase classname="MavenProjectPackage.SeleniumTest" name="BrowserAutomation" time="0.001"/>
  <system-out/>
</testsuite> <!-- MavenProjectPackage.SeleniumTest -->
