<?xml version="1.0" encoding="UTF-8"?>
<!-- Generated by org.testng.reporters.JUnitReportReporter -->
<testsuite hostname="DESKTOP-VE2MHDE" failures="0" tests="2" name="MavenProjectPackage.AppiumTest" time="0.005" errors="0" timestamp="2021-10-07T15:59:52 CDT" skipped="0">
  <testcase classname="MavenProjectPackage.AppiumTest" name="iOSAppUI" time="0.000"/>
  <system-out/>
  <testcase classname="MavenProjectPackage.AppiumTest" name="AndroidUI" time="0.005"/>
  <system-out/>
</testsuite> <!-- MavenProjectPackage.AppiumTest -->
