<?xml version="1.0" encoding="UTF-8"?>
<!-- Generated by org.testng.reporters.JUnitReportReporter -->
<testsuite hostname="DESKTOP-VE2MHDE" failures="0" tests="1" name="MavenProjectPackage.AppTest" time="0.013" errors="0" timestamp="2021-10-07T15:59:52 CDT" skipped="0">
  <testcase classname="MavenProjectPackage.AppTest" name="shouldAnswerWithTrue" time="0.013"/>
  <system-out/>
</testsuite> <!-- MavenProjectPackage.AppTest -->
