<?xml version="1.0" encoding="UTF-8"?>
<!-- Generated by org.testng.reporters.JUnitReportReporter -->
<testsuite hostname="DESKTOP-VE2MHDE" failures="0" tests="1" name="MavenProjectPackage.ExtentReportsDemo" time="2.652" errors="0" timestamp="2021-10-08T11:54:29 CDT" skipped="0">
  <testcase classname="MavenProjectPackage.ExtentReportsDemo" name="initialDemo" time="2.652"/>
  <system-out/>
</testsuite> <!-- MavenProjectPackage.ExtentReportsDemo -->
